<?xml version="1.0" encoding="UTF-8"?>
<testng-results ignored="0" total="2" passed="2" failed="0" skipped="0">
  <reporter-output>
  </reporter-output>
  <suite started-at="2020-02-12T13:42:20 IST" name="Suite" finished-at="2020-02-12T13:42:20 IST" duration-ms="95">
    <groups>
    </groups>
    <test started-at="2020-02-12T13:42:20 IST" name="Test" finished-at="2020-02-12T13:42:20 IST" duration-ms="95">
      <class name="Qaclickacademy.SeleniumTest">
        <test-method signature="browserAutomation()[pri:0, instance:Qaclickacademy.SeleniumTest@77f80c04]" started-at="2020-02-12T13:42:20 IST" name="browserAutomation" finished-at="2020-02-12T13:42:20 IST" duration-ms="15" status="PASS">
          <reporter-output>
          </reporter-output>
        </test-method> <!-- browserAutomation -->
        <test-method signature="elementsUI()[pri:0, instance:Qaclickacademy.SeleniumTest@77f80c04]" started-at="2020-02-12T13:42:20 IST" name="elementsUI" finished-at="2020-02-12T13:42:20 IST" duration-ms="0" status="PASS">
          <reporter-output>
          </reporter-output>
        </test-method> <!-- elementsUI -->
      </class> <!-- Qaclickacademy.SeleniumTest -->
    </test> <!-- Test -->
  </suite> <!-- Suite -->
</testng-results>
